0 verbose cli C:\Program Files\nodejs\node.exe C:\Users\AM\AppData\Roaming\npm\node_modules\npm\bin\npm-cli.js
1 info using npm@10.9.1
2 info using node@v20.14.0
3 silly config load:file:C:\Users\AM\AppData\Roaming\npm\node_modules\npm\npmrc
4 silly config load:file:C:\Users\AM\Desktop\Alireza's Profile\assets\.npmrc
5 silly config load:file:C:\Users\AM\.npmrc
6 silly config load:file:C:\Users\AM\AppData\Roaming\npm\etc\npmrc
7 verbose title npm start
8 verbose argv "start"
9 verbose logfile logs-max:10 dir:c:\Users\AM\Desktop\Alireza's Profile\assets\UsersAMAppDataLocalnpm-cache\_logs\2025-07-21T09_26_50_773Z-
10 verbose logfile c:\Users\AM\Desktop\Alireza's Profile\assets\UsersAMAppDataLocalnpm-cache\_logs\2025-07-21T09_26_50_773Z-debug-0.log
11 silly logfile done cleaning log files
12 verbose stack Error: Could not read package.json: Error: ENOENT: no such file or directory, open 'C:\Users\AM\Desktop\Alireza's Profile\assets\package.json'
12 verbose stack     at async open (node:internal/fs/promises:636:25)
12 verbose stack     at async readFile (node:internal/fs/promises:1246:14)
12 verbose stack     at async read (C:\Users\AM\AppData\Roaming\npm\node_modules\npm\node_modules\@npmcli\package-json\lib\read-package.js:9:18)
12 verbose stack     at async PackageJson.load (C:\Users\AM\AppData\Roaming\npm\node_modules\npm\node_modules\@npmcli\package-json\lib\index.js:130:31)
12 verbose stack     at async PackageJson.normalize (C:\Users\AM\AppData\Roaming\npm\node_modules\npm\node_modules\@npmcli\package-json\lib\index.js:116:5)
12 verbose stack     at async #run (C:\Users\AM\AppData\Roaming\npm\node_modules\npm\lib\commands\run-script.js:86:13)
12 verbose stack     at async RunScript.exec (C:\Users\AM\AppData\Roaming\npm\node_modules\npm\lib\commands\run-script.js:40:7)
12 verbose stack     at async Npm.exec (C:\Users\AM\AppData\Roaming\npm\node_modules\npm\lib\npm.js:207:9)
12 verbose stack     at async module.exports (C:\Users\AM\AppData\Roaming\npm\node_modules\npm\lib\cli\entry.js:74:5)
13 error code ENOENT
14 error syscall open
15 error path C:\Users\AM\Desktop\Alireza's Profile\assets\package.json
16 error errno -4058
17 error enoent Could not read package.json: Error: ENOENT: no such file or directory, open 'C:\Users\AM\Desktop\Alireza's Profile\assets\package.json'
18 error enoent This is related to npm not being able to find a file.
18 error enoent
19 verbose cwd C:\Users\AM\Desktop\Alireza's Profile\assets
20 verbose os Windows_NT 10.0.26100
21 verbose node v20.14.0
22 verbose npm  v10.9.1
23 verbose exit -4058
24 verbose code -4058
25 error A complete log of this run can be found in: c:\Users\AM\Desktop\Alireza's Profile\assets\UsersAMAppDataLocalnpm-cache\_logs\2025-07-21T09_26_50_773Z-debug-0.log
